<?xml version="1.0" encoding="UTF-8"?>
<testsuites name="Prova" time="54" tests="5" failures="0" errors="0">
   <testsuite name="Prova" tests="5" failures="0" errors="0" time="54" timestamp="2019-02-26 15:13:43" hostname="marco - 10.25.208.80" id="Test Suites/Prova">
      <properties>
         <property name="deviceName" value="samsung SM-G935F (Android 8.0.0)"/>
         <property name="devicePlatform" value=""/>
         <property name="logFolder" value="C:\\Users\\marco\\Katalon Studio\\MSA-testautomation\\Reports\\Prova\\20190226_151340"/>
         <property name="logFiles" value="C:\\Users\\marco\\Katalon Studio\\MSA-testautomation\\Reports\\Prova\\20190226_151340\\appium.log, C:\\Users\\marco\\Katalon Studio\\MSA-testautomation\\Reports\\Prova\\20190226_151340\\execution0.log"/>
         <property name="attachments" value=""/>
         <property name="hostName" value="marco - 10.25.208.80"/>
         <property name="os" value="Windows 10 64bit"/>
         <property name="katalonVersion" value="5.10.1.1"/>
         <property name="deviceOS" value="Android"/>
         <property name="appiumVersion" value="1.8.1"/>
         <property name="deviceModel" value="SM-G935F"/>
         <property name="hostAddress" value="10.25.208.80"/>
         <property name="deviceManufacturer" value="samsung"/>
         <property name="deviceId" value="9885f7504651473733"/>
         <property name="deviceName" value="samsung SM-G935F (Android 8.0.0)"/>
         <property name="deviceOSVersion" value="8.0.0"/>
      </properties>
      <testcase name="Test Cases/Pre Login/PreLogin_1_FUNCTIONALITY_StartApp_DTH_Wi-Fi" classname="Test Cases/Pre Login/PreLogin_1_FUNCTIONALITY_StartApp_DTH_Wi-Fi" status="PASSED">
         <system-out><![CDATA[2019-02-26 15:13:43 - [TEST_CASE][PASSED] - Test Cases/Pre Login/PreLogin_1_FUNCTIONALITY_StartApp_DTH_Wi-Fi: Test Cases/Pre Login/PreLogin_1_FUNCTIONALITY_StartApp_DTH_Wi-Fi

2019-02-26 15:13:43 - [TEST_STEP][PASSED] - startApplication("C:\Users\MSA-testautomation\59.apk", false): Started app at: 'C:\Users\MSA-testautomation\59.apk'

2019-02-26 15:13:49 - [MESSAGE][INFO] - Appium server started on port 51.495

2019-02-26 15:14:12 - [MESSAGE][PASSED] - Started app at: 'C:\Users\MSA-testautomation\59.apk']]></system-out>
         <system-err><![CDATA[]]></system-err>
      </testcase>
      <testcase name="Test Cases/Guida TV/Guida TV_3_NAVIGATION_GTV_DTH_Wi-Fi" classname="Test Cases/Guida TV/Guida TV_3_NAVIGATION_GTV_DTH_Wi-Fi" status="PASSED">
         <system-out><![CDATA[2019-02-26 15:14:12 - [TEST_CASE][PASSED] - Test Cases/Guida TV/Guida TV_3_NAVIGATION_GTV_DTH_Wi-Fi: Test Cases/Guida TV/Guida TV_3_NAVIGATION_GTV_DTH_Wi-Fi

2019-02-26 15:14:12 - [TEST_STEP][PASSED] - tap(findTestObject("Bottom Bar Elements/Guida TV"), 0): Tapped on element 'Object Repository/Bottom Bar Elements/Guida TV'

2019-02-26 15:14:12 - [MESSAGE][WARNING] - Timeout '0' is invalid. Using default page load timeout: '30'

2019-02-26 15:14:17 - [MESSAGE][PASSED] - Tapped on element 'Object Repository/Bottom Bar Elements/Guida TV'

2019-02-26 15:14:17 - [TEST_STEP][PASSED] - delay(5): Delayed 5 second(s)

2019-02-26 15:14:22 - [MESSAGE][PASSED] - Delayed 5 second(s)

2019-02-26 15:14:22 - [TEST_STEP][PASSED] - verifyElementExist(findTestObject("Top Bar elements/GUIDA TV"), 0): Element 'Object Repository/Top Bar elements/GUIDA TV' is exist

2019-02-26 15:14:22 - [MESSAGE][WARNING] - Timeout '0' is invalid. Using default page load timeout: '30'

2019-02-26 15:14:23 - [MESSAGE][PASSED] - Element 'Object Repository/Top Bar elements/GUIDA TV' is exist]]></system-out>
         <system-err><![CDATA[]]></system-err>
      </testcase>
      <testcase name="Test Cases/Guida TV/Guida TV_2_NAVIGATION_Hero_DTH_Wi-Fi" classname="Test Cases/Guida TV/Guida TV_2_NAVIGATION_Hero_DTH_Wi-Fi" status="PASSED">
         <system-out><![CDATA[2019-02-26 15:14:23 - [TEST_CASE][PASSED] - Test Cases/Guida TV/Guida TV_2_NAVIGATION_Hero_DTH_Wi-Fi: Test Cases/Guida TV/Guida TV_2_NAVIGATION_Hero_DTH_Wi-Fi

2019-02-26 15:14:23 - [TEST_STEP][PASSED] - verifyElementAttributeValue(findTestObject("Guida Tv/Hero Elements/Immagine"), "resource-id", "it.sky.msa:id/heroImageImageView", 0): Object 'Object Repository/Guida Tv/Hero Elements/Immagine' has attribute 'resource-id' with value 'it.sky.msa:id/heroImageImageView'

2019-02-26 15:14:23 - [MESSAGE][WARNING] - Timeout '0' is invalid. Using default page load timeout: '30'

2019-02-26 15:14:24 - [MESSAGE][PASSED] - Object 'Object Repository/Guida Tv/Hero Elements/Immagine' has attribute 'resource-id' with value 'it.sky.msa:id/heroImageImageView'

2019-02-26 15:14:24 - [TEST_STEP][PASSED] - verifyElementText(findTestObject("Guida Tv/Hero Elements/IN EVIDENZA"), "IN EVIDENZA"): Actual text and expected text of test object 'Object Repository/Guida Tv/Hero Elements/IN EVIDENZA' are matched.

2019-02-26 15:14:24 - [MESSAGE][PASSED] - Actual text and expected text of test object 'Object Repository/Guida Tv/Hero Elements/IN EVIDENZA' are matched.

2019-02-26 15:14:24 - [TEST_STEP][PASSED] - verifyElementExist(findTestObject("Guida Tv/Hero Elements/Titolo del contenuto"), 0): Element 'Object Repository/Guida Tv/Hero Elements/Titolo del contenuto' is exist

2019-02-26 15:14:24 - [MESSAGE][WARNING] - Timeout '0' is invalid. Using default page load timeout: '30'

2019-02-26 15:14:24 - [MESSAGE][PASSED] - Element 'Object Repository/Guida Tv/Hero Elements/Titolo del contenuto' is exist

2019-02-26 15:14:24 - [TEST_STEP][PASSED] - verifyElementExist(findTestObject("Guida Tv/Hero Elements/Programmazione"), 0): Element 'Object Repository/Guida Tv/Hero Elements/Programmazione' is exist

2019-02-26 15:14:24 - [MESSAGE][WARNING] - Timeout '0' is invalid. Using default page load timeout: '30'

2019-02-26 15:14:25 - [MESSAGE][PASSED] - Element 'Object Repository/Guida Tv/Hero Elements/Programmazione' is exist

2019-02-26 15:14:25 - [TEST_STEP][PASSED] - getText(findTestObject("Guida Tv/Hero Elements/Programmazione"), 0): Text of element 'Object Repository/Guida Tv/Hero Elements/Programmazione' is: 'Oggi alle 06:00'

2019-02-26 15:14:25 - [MESSAGE][WARNING] - Timeout '0' is invalid. Using default page load timeout: '30'

2019-02-26 15:14:25 - [MESSAGE][PASSED] - Text of element 'Object Repository/Guida Tv/Hero Elements/Programmazione' is: 'Oggi alle 06:00']]></system-out>
         <system-err><![CDATA[]]></system-err>
      </testcase>
      <testcase name="Test Cases/Guida TV/Guida TV_4_NAVIGATION_SceltiPerTeQuestaSettimana_DTH_Wi-Fi" classname="Test Cases/Guida TV/Guida TV_4_NAVIGATION_SceltiPerTeQuestaSettimana_DTH_Wi-Fi" status="PASSED">
         <system-out><![CDATA[2019-02-26 15:14:25 - [TEST_CASE][PASSED] - Test Cases/Guida TV/Guida TV_4_NAVIGATION_SceltiPerTeQuestaSettimana_DTH_Wi-Fi: Test Cases/Guida TV/Guida TV_4_NAVIGATION_SceltiPerTeQuestaSettimana_DTH_Wi-Fi

2019-02-26 15:14:26 - [TEST_STEP][PASSED] - swipe(0, 200, 0, 1000): Swiped from 0,200 to 0,1.000

2019-02-26 15:14:28 - [MESSAGE][PASSED] - Swiped from 0,200 to 0,1.000

2019-02-26 15:14:28 - [TEST_STEP][PASSED] - getText(findTestObject("Guida Tv/Section Elements/Scelti per te questa settimana"), 0): Text of element 'Object Repository/Guida Tv/Section Elements/Scelti per te questa settimana' is: 'Scelti per te questa settimana'

2019-02-26 15:14:28 - [MESSAGE][WARNING] - Timeout '0' is invalid. Using default page load timeout: '30'

2019-02-26 15:14:28 - [MESSAGE][PASSED] - Text of element 'Object Repository/Guida Tv/Section Elements/Scelti per te questa settimana' is: 'Scelti per te questa settimana'

2019-02-26 15:14:28 - [TEST_STEP][PASSED] - verifyElementText(findTestObject("Guida Tv/Section Elements/Scelti per te questa settimana"), "Scelti per te questa settimana"): Actual text and expected text of test object 'Object Repository/Guida Tv/Section Elements/Scelti per te questa settimana' are matched.

2019-02-26 15:14:29 - [MESSAGE][PASSED] - Actual text and expected text of test object 'Object Repository/Guida Tv/Section Elements/Scelti per te questa settimana' are matched.

2019-02-26 15:14:29 - [TEST_STEP][PASSED] - swipe(0, 0, 100, 0): Swiped from 0,0 to 100,0

2019-02-26 15:14:31 - [MESSAGE][PASSED] - Swiped from 0,0 to 100,0

2019-02-26 15:14:31 - [TEST_STEP][PASSED] - delay(0): Delayed 0 second(s)

2019-02-26 15:14:31 - [MESSAGE][PASSED] - Delayed 0 second(s)

2019-02-26 15:14:31 - [TEST_STEP][PASSED] - swipe(0, 0, -100, 0): Swiped from 0,0 to -100,0

2019-02-26 15:14:34 - [MESSAGE][PASSED] - Swiped from 0,0 to -100,0]]></system-out>
         <system-err><![CDATA[]]></system-err>
      </testcase>
      <testcase name="Test Cases/Guida TV/Guida TV_5_FUNCTIONALITY_VediTutti_DTH_Wi-Fi" classname="Test Cases/Guida TV/Guida TV_5_FUNCTIONALITY_VediTutti_DTH_Wi-Fi" status="PASSED">
         <system-out><![CDATA[2019-02-26 15:14:34 - [TEST_CASE][PASSED] - Test Cases/Guida TV/Guida TV_5_FUNCTIONALITY_VediTutti_DTH_Wi-Fi: Test Cases/Guida TV/Guida TV_5_FUNCTIONALITY_VediTutti_DTH_Wi-Fi

2019-02-26 15:14:34 - [TEST_STEP][PASSED] - getText(findTestObject("Guida Tv/Section Elements/Vedi tutti"), 0): Text of element 'Object Repository/Guida Tv/Section Elements/Vedi tutti' is: 'Vedi tutti'

2019-02-26 15:14:34 - [MESSAGE][WARNING] - Timeout '0' is invalid. Using default page load timeout: '30'

2019-02-26 15:14:35 - [MESSAGE][PASSED] - Text of element 'Object Repository/Guida Tv/Section Elements/Vedi tutti' is: 'Vedi tutti'

2019-02-26 15:14:35 - [TEST_STEP][PASSED] - tap(findTestObject("Guida Tv/Section Elements/Vedi tutti"), 0): Tapped on element 'Object Repository/Guida Tv/Section Elements/Vedi tutti'

2019-02-26 15:14:35 - [MESSAGE][WARNING] - Timeout '0' is invalid. Using default page load timeout: '30'

2019-02-26 15:14:36 - [MESSAGE][PASSED] - Tapped on element 'Object Repository/Guida Tv/Section Elements/Vedi tutti'

2019-02-26 15:14:36 - [TEST_STEP][PASSED] - pressBack(): Press back button successfully

2019-02-26 15:14:37 - [MESSAGE][PASSED] - Press back button successfully]]></system-out>
         <system-err><![CDATA[]]></system-err>
      </testcase>
      <system-out><![CDATA[2019-02-26 15:13:43 - [TEST_SUITE][PASSED] - Prova: Test Cases/Guida TV/Guida TV_5_FUNCTIONALITY_VediTutti_DTH_Wi-Fi]]></system-out>
      <system-err><![CDATA[]]></system-err>
   </testsuite>
</testsuites>
