<?xml version="1.0" encoding="UTF-8"?>
<testsuites name="Prova" time="58" tests="5" failures="0" errors="0">
   <testsuite name="Prova" tests="5" failures="0" errors="0" time="58" timestamp="2019-02-26 17:35:29" hostname="marco - 10.25.208.80" id="Test Suites/Prova">
      <properties>
         <property name="deviceName" value="samsung SM-G935F (Android 8.0.0)"/>
         <property name="devicePlatform" value=""/>
         <property name="logFolder" value="C:\\Users\\marco\\Katalon Studio\\MSA-testautomation\\Reports\\Prova\\20190226_173526"/>
         <property name="logFiles" value="C:\\Users\\marco\\Katalon Studio\\MSA-testautomation\\Reports\\Prova\\20190226_173526\\appium.log, C:\\Users\\marco\\Katalon Studio\\MSA-testautomation\\Reports\\Prova\\20190226_173526\\execution0.log"/>
         <property name="attachments" value=""/>
         <property name="hostName" value="marco - 10.25.208.80"/>
         <property name="os" value="Windows 10 64bit"/>
         <property name="katalonVersion" value="5.10.1.1"/>
         <property name="deviceOS" value="Android"/>
         <property name="appiumVersion" value="1.8.1"/>
         <property name="deviceModel" value="SM-G935F"/>
         <property name="hostAddress" value="10.25.208.80"/>
         <property name="deviceManufacturer" value="samsung"/>
         <property name="deviceId" value="9885f7504651473733"/>
         <property name="deviceName" value="samsung SM-G935F (Android 8.0.0)"/>
         <property name="deviceOSVersion" value="8.0.0"/>
      </properties>
      <testcase name="Test Cases/Pre Login/PreLogin_1_FUNCTIONALITY_StartApp_DTH_Wi-Fi" classname="Test Cases/Pre Login/PreLogin_1_FUNCTIONALITY_StartApp_DTH_Wi-Fi" status="PASSED">
         <system-out><![CDATA[2019-02-26 17:35:30 - [TEST_CASE][PASSED] - Test Cases/Pre Login/PreLogin_1_FUNCTIONALITY_StartApp_DTH_Wi-Fi: Test Cases/Pre Login/PreLogin_1_FUNCTIONALITY_StartApp_DTH_Wi-Fi

2019-02-26 17:35:30 - [TEST_STEP][PASSED] - startApplication("C:\Users\MSA-testautomation\59.apk", false): Started app at: 'C:\Users\MSA-testautomation\59.apk'

2019-02-26 17:35:36 - [MESSAGE][INFO] - Appium server started on port 58.976

2019-02-26 17:35:58 - [MESSAGE][PASSED] - Started app at: 'C:\Users\MSA-testautomation\59.apk']]></system-out>
         <system-err><![CDATA[]]></system-err>
      </testcase>
      <testcase name="Test Cases/Guida TV/Guida TV_3_NAVIGATION_GTV_DTH_Wi-Fi" classname="Test Cases/Guida TV/Guida TV_3_NAVIGATION_GTV_DTH_Wi-Fi" status="PASSED">
         <system-out><![CDATA[2019-02-26 17:35:58 - [TEST_CASE][PASSED] - Test Cases/Guida TV/Guida TV_3_NAVIGATION_GTV_DTH_Wi-Fi: Test Cases/Guida TV/Guida TV_3_NAVIGATION_GTV_DTH_Wi-Fi

2019-02-26 17:35:58 - [TEST_STEP][PASSED] - tap(findTestObject("Bottom Bar Elements/Guida TV"), 0): Tapped on element 'Object Repository/Bottom Bar Elements/Guida TV'

2019-02-26 17:35:59 - [MESSAGE][WARNING] - Timeout '0' is invalid. Using default page load timeout: '30'

2019-02-26 17:36:03 - [MESSAGE][PASSED] - Tapped on element 'Object Repository/Bottom Bar Elements/Guida TV'

2019-02-26 17:36:03 - [TEST_STEP][PASSED] - delay(5): Delayed 5 second(s)

2019-02-26 17:36:08 - [MESSAGE][PASSED] - Delayed 5 second(s)

2019-02-26 17:36:08 - [TEST_STEP][PASSED] - verifyElementExist(findTestObject("Top Bar elements/GUIDA TV"), 0): Element 'Object Repository/Top Bar elements/GUIDA TV' is exist

2019-02-26 17:36:08 - [MESSAGE][WARNING] - Timeout '0' is invalid. Using default page load timeout: '30'

2019-02-26 17:36:09 - [MESSAGE][PASSED] - Element 'Object Repository/Top Bar elements/GUIDA TV' is exist]]></system-out>
         <system-err><![CDATA[]]></system-err>
      </testcase>
      <testcase name="Test Cases/Guida TV/Guida TV_2_NAVIGATION_Hero_DTH_Wi-Fi" classname="Test Cases/Guida TV/Guida TV_2_NAVIGATION_Hero_DTH_Wi-Fi" status="PASSED">
         <system-out><![CDATA[2019-02-26 17:36:09 - [TEST_CASE][PASSED] - Test Cases/Guida TV/Guida TV_2_NAVIGATION_Hero_DTH_Wi-Fi: Test Cases/Guida TV/Guida TV_2_NAVIGATION_Hero_DTH_Wi-Fi

2019-02-26 17:36:09 - [TEST_STEP][PASSED] - verifyElementAttributeValue(findTestObject("Guida Tv/Hero Elements/Immagine"), "resource-id", "it.sky.msa:id/heroImageImageView", 0): Object 'Object Repository/Guida Tv/Hero Elements/Immagine' has attribute 'resource-id' with value 'it.sky.msa:id/heroImageImageView'

2019-02-26 17:36:09 - [MESSAGE][WARNING] - Timeout '0' is invalid. Using default page load timeout: '30'

2019-02-26 17:36:10 - [MESSAGE][PASSED] - Object 'Object Repository/Guida Tv/Hero Elements/Immagine' has attribute 'resource-id' with value 'it.sky.msa:id/heroImageImageView'

2019-02-26 17:36:10 - [TEST_STEP][PASSED] - verifyElementText(findTestObject("Guida Tv/Hero Elements/IN EVIDENZA"), "IN EVIDENZA"): Actual text and expected text of test object 'Object Repository/Guida Tv/Hero Elements/IN EVIDENZA' are matched.

2019-02-26 17:36:10 - [MESSAGE][PASSED] - Actual text and expected text of test object 'Object Repository/Guida Tv/Hero Elements/IN EVIDENZA' are matched.

2019-02-26 17:36:10 - [TEST_STEP][PASSED] - verifyElementExist(findTestObject("Guida Tv/Hero Elements/Titolo del contenuto"), 0): Element 'Object Repository/Guida Tv/Hero Elements/Titolo del contenuto' is exist

2019-02-26 17:36:10 - [MESSAGE][WARNING] - Timeout '0' is invalid. Using default page load timeout: '30'

2019-02-26 17:36:11 - [MESSAGE][PASSED] - Element 'Object Repository/Guida Tv/Hero Elements/Titolo del contenuto' is exist

2019-02-26 17:36:11 - [TEST_STEP][PASSED] - verifyElementExist(findTestObject("Guida Tv/Hero Elements/Programmazione"), 0): Element 'Object Repository/Guida Tv/Hero Elements/Programmazione' is exist

2019-02-26 17:36:11 - [MESSAGE][WARNING] - Timeout '0' is invalid. Using default page load timeout: '30'

2019-02-26 17:36:11 - [MESSAGE][PASSED] - Element 'Object Repository/Guida Tv/Hero Elements/Programmazione' is exist

2019-02-26 17:36:11 - [TEST_STEP][PASSED] - getText(findTestObject("Guida Tv/Hero Elements/Programmazione"), 0): Text of element 'Object Repository/Guida Tv/Hero Elements/Programmazione' is: 'Oggi alle 06:00'

2019-02-26 17:36:11 - [MESSAGE][WARNING] - Timeout '0' is invalid. Using default page load timeout: '30'

2019-02-26 17:36:11 - [MESSAGE][PASSED] - Text of element 'Object Repository/Guida Tv/Hero Elements/Programmazione' is: 'Oggi alle 06:00']]></system-out>
         <system-err><![CDATA[]]></system-err>
      </testcase>
      <testcase name="Test Cases/Guida TV/Guida TV_4_NAVIGATION_SceltiPerTeQuestaSettimana_DTH_Wi-Fi" classname="Test Cases/Guida TV/Guida TV_4_NAVIGATION_SceltiPerTeQuestaSettimana_DTH_Wi-Fi" status="PASSED">
         <system-out><![CDATA[2019-02-26 17:36:11 - [TEST_CASE][PASSED] - Test Cases/Guida TV/Guida TV_4_NAVIGATION_SceltiPerTeQuestaSettimana_DTH_Wi-Fi: Test Cases/Guida TV/Guida TV_4_NAVIGATION_SceltiPerTeQuestaSettimana_DTH_Wi-Fi

2019-02-26 17:36:12 - [TEST_STEP][PASSED] - swipe(0, 240, 0, 1137): Swiped from 0,240 to 0,1.137

2019-02-26 17:36:14 - [MESSAGE][PASSED] - Swiped from 0,240 to 0,1.137

2019-02-26 17:36:14 - [TEST_STEP][PASSED] - getText(findTestObject("Guida Tv/Section Elements/Scelti per te questa settimana"), 0): Text of element 'Object Repository/Guida Tv/Section Elements/Scelti per te questa settimana' is: 'Scelti per te questa settimana'

2019-02-26 17:36:14 - [MESSAGE][WARNING] - Timeout '0' is invalid. Using default page load timeout: '30'

2019-02-26 17:36:15 - [MESSAGE][PASSED] - Text of element 'Object Repository/Guida Tv/Section Elements/Scelti per te questa settimana' is: 'Scelti per te questa settimana'

2019-02-26 17:36:15 - [TEST_STEP][PASSED] - verifyElementText(findTestObject("Guida Tv/Section Elements/Scelti per te questa settimana"), "Scelti per te questa settimana"): Actual text and expected text of test object 'Object Repository/Guida Tv/Section Elements/Scelti per te questa settimana' are matched.

2019-02-26 17:36:15 - [MESSAGE][PASSED] - Actual text and expected text of test object 'Object Repository/Guida Tv/Section Elements/Scelti per te questa settimana' are matched.

2019-02-26 17:36:15 - [TEST_STEP][PASSED] - swipe(0, 0, 100, 0): Swiped from 0,0 to 100,0

2019-02-26 17:36:17 - [MESSAGE][PASSED] - Swiped from 0,0 to 100,0

2019-02-26 17:36:17 - [TEST_STEP][PASSED] - delay(0): Delayed 0 second(s)

2019-02-26 17:36:17 - [MESSAGE][PASSED] - Delayed 0 second(s)

2019-02-26 17:36:17 - [TEST_STEP][PASSED] - swipe(0, 0, -100, 0): Swiped from 0,0 to -100,0

2019-02-26 17:36:20 - [MESSAGE][PASSED] - Swiped from 0,0 to -100,0

2019-02-26 17:36:20 - [TEST_STEP][PASSED] - print(getElementHeight(findTestObject("Guida Tv/Section Elements/Scelti per te questa settimana"), 0)): Object 'Object Repository/Guida Tv/Section Elements/Scelti per te questa settimana' has height: '170'

2019-02-26 17:36:20 - [MESSAGE][WARNING] - Timeout '0' is invalid. Using default page load timeout: '30'

2019-02-26 17:36:20 - [MESSAGE][PASSED] - Object 'Object Repository/Guida Tv/Section Elements/Scelti per te questa settimana' has height: '170'

2019-02-26 17:36:20 - [TEST_STEP][PASSED] - print(getElementWidth(findTestObject("Guida Tv/Section Elements/Scelti per te questa settimana"), 0)): Object 'Object Repository/Guida Tv/Section Elements/Scelti per te questa settimana' has width: '718'

2019-02-26 17:36:20 - [MESSAGE][WARNING] - Timeout '0' is invalid. Using default page load timeout: '30'

2019-02-26 17:36:21 - [MESSAGE][PASSED] - Object 'Object Repository/Guida Tv/Section Elements/Scelti per te questa settimana' has width: '718']]></system-out>
         <system-err><![CDATA[]]></system-err>
      </testcase>
      <testcase name="Test Cases/Guida TV/Guida TV_5_FUNCTIONALITY_VediTutti_DTH_Wi-Fi" classname="Test Cases/Guida TV/Guida TV_5_FUNCTIONALITY_VediTutti_DTH_Wi-Fi" status="PASSED">
         <system-out><![CDATA[2019-02-26 17:36:21 - [TEST_CASE][PASSED] - Test Cases/Guida TV/Guida TV_5_FUNCTIONALITY_VediTutti_DTH_Wi-Fi: Test Cases/Guida TV/Guida TV_5_FUNCTIONALITY_VediTutti_DTH_Wi-Fi

2019-02-26 17:36:21 - [TEST_STEP][PASSED] - text = getText(findTestObject("Guida Tv/Section Elements/Sezione programmazione"), 0): Text of element 'Object Repository/Guida Tv/Section Elements/Sezione programmazione' is: 'Scelti per te questa settimana'

2019-02-26 17:36:21 - [MESSAGE][WARNING] - Timeout '0' is invalid. Using default page load timeout: '30'

2019-02-26 17:36:21 - [MESSAGE][PASSED] - Text of element 'Object Repository/Guida Tv/Section Elements/Sezione programmazione' is: 'Scelti per te questa settimana'

2019-02-26 17:36:21 - [TEST_STEP][PASSED] - tap(findTestObject("Guida Tv/Section Elements/Vedi tutti"), 0): Tapped on element 'Object Repository/Guida Tv/Section Elements/Vedi tutti'

2019-02-26 17:36:21 - [MESSAGE][WARNING] - Timeout '0' is invalid. Using default page load timeout: '30'

2019-02-26 17:36:23 - [MESSAGE][PASSED] - Tapped on element 'Object Repository/Guida Tv/Section Elements/Vedi tutti'

2019-02-26 17:36:23 - [TEST_STEP][PASSED] - verifyElementText(findTestObject("Subsection Elements/Subsection title"), text): Actual text and expected text of test object 'Object Repository/Subsection Elements/Subsection title' are matched.

2019-02-26 17:36:23 - [MESSAGE][PASSED] - Actual text and expected text of test object 'Object Repository/Subsection Elements/Subsection title' are matched.

2019-02-26 17:36:23 - [TEST_STEP][PASSED] - delay(2): Delayed 2 second(s)

2019-02-26 17:36:25 - [MESSAGE][PASSED] - Delayed 2 second(s)

2019-02-26 17:36:25 - [TEST_STEP][PASSED] - tap(findTestObject("Subsection Elements/Back button"), 0): Tapped on element 'Object Repository/Subsection Elements/Back button'

2019-02-26 17:36:25 - [MESSAGE][WARNING] - Timeout '0' is invalid. Using default page load timeout: '30'

2019-02-26 17:36:27 - [MESSAGE][PASSED] - Tapped on element 'Object Repository/Subsection Elements/Back button']]></system-out>
         <system-err><![CDATA[]]></system-err>
      </testcase>
      <system-out><![CDATA[2019-02-26 17:35:29 - [TEST_SUITE][PASSED] - Prova: Test Cases/Guida TV/Guida TV_5_FUNCTIONALITY_VediTutti_DTH_Wi-Fi]]></system-out>
      <system-err><![CDATA[]]></system-err>
   </testsuite>
</testsuites>
